<?xml version="1.0" encoding="UTF-8"?>
<!-- Generated by org.testng.reporters.JUnitReportReporter -->
<testsuite hostname="DESKTOP-HME3A3V" failures="0" tests="4" name="com.lao.restassured.RestassuredExample" time="4.669" errors="0" timestamp="2021-10-19T20:18:51 IST" skipped="0">
  <testcase classname="com.lao.restassured.RestassuredExample" name="postRestassuredExample" time="0.539"/>
  <system-out/>
  <testcase classname="com.lao.restassured.RestassuredExample" name="putRestassuredExample" time="0.453"/>
  <system-out/>
  <testcase classname="com.lao.restassured.RestassuredExample" name="testingRestAssured" time="0.172"/>
  <system-out/>
  <testcase classname="com.lao.restassured.RestassuredExample" name="deleteRestAssuredExample" time="3.505"/>
  <system-out/>
</testsuite> <!-- com.lao.restassured.RestassuredExample -->
